<?xml version="1.0" encoding="UTF-8"?>
<testsuite name="test" tests="4" skipped="0" failures="0" errors="0" timestamp="2016-04-19T21:44:27" hostname="Justins-MacBook-Pro.local" time="0.003">
  <properties/>
  <testcase name="splitUp_seperateWord_returnValueOfFullWord" classname="test" time="0.001"/>
  <testcase name="splitUp_separateManyChar_parsed" classname="test" time="0.0"/>
  <testcase name="splitUp_separateLetters_parsed" classname="test" time="0.0"/>
  <testcase name="splitUp_separateAndAddNumbers_parsed" classname="test" time="0.0"/>
  <system-out><![CDATA[]]></system-out>
  <system-err><![CDATA[]]></system-err>
</testsuite>
